2018-05-16 19:32:27,678 [Worker-49] INFO  o.e.m.c.i.l.LifecycleMappingFactory - Using org.eclipse.m2e.jdt.JarLifecycleMapping lifecycle mapping for MavenProject: io.airfast:airfast-discovery-server:0.0.1-SNAPSHOT @ D:\Chiranjeevi\SampleProject\airfast-discovery-server\pom.xml.
2018-05-16 19:32:37,354 [Worker-49] INFO  o.e.m.c.i.e.AbstractTransferListenerAdapter - Downloaded https://repo.spring.io/snapshot/org/springframework/boot/spring-boot-devtools/2.0.2.RELEASE/spring-boot-devtools-2.0.2.RELEASE.pom
2018-05-16 19:32:37,938 [Worker-49] INFO  o.e.m.c.i.e.AbstractTransferListenerAdapter - Downloading https://repo.spring.io/milestone/org/springframework/boot/spring-boot-devtools/2.0.2.RELEASE/spring-boot-devtools-2.0.2.RELEASE.pom
2018-05-16 19:32:38,439 [Worker-49] INFO  o.e.m.c.i.e.AbstractTransferListenerAdapter - Downloaded https://repo.spring.io/milestone/org/springframework/boot/spring-boot-devtools/2.0.2.RELEASE/spring-boot-devtools-2.0.2.RELEASE.pom
2018-05-16 19:32:40,859 [Worker-49] INFO  o.e.m.c.i.e.AbstractTransferListenerAdapter - Downloaded https://repo.spring.io/snapshot/org/springframework/boot/spring-boot-devtools/2.0.2.RELEASE/spring-boot-devtools-2.0.2.RELEASE.jar
2018-05-16 19:32:41,248 [Worker-49] INFO  o.e.m.c.i.e.AbstractTransferListenerAdapter - Downloading https://repo.spring.io/milestone/org/springframework/boot/spring-boot-devtools/2.0.2.RELEASE/spring-boot-devtools-2.0.2.RELEASE.jar
2018-05-16 19:32:42,445 [Worker-49] INFO  o.e.m.c.i.e.AbstractTransferListenerAdapter - Downloaded https://repo.spring.io/milestone/org/springframework/boot/spring-boot-devtools/2.0.2.RELEASE/spring-boot-devtools-2.0.2.RELEASE.jar
2018-05-16 19:32:47,078 [Worker-49] INFO  o.e.m.j.i.AbstractJavaProjectConfigurator - Adding source folder /airfast-discovery-server/src/main/java
2018-05-16 19:32:47,079 [Worker-49] INFO  o.e.m.j.i.AbstractJavaProjectConfigurator - Adding resource folder /airfast-discovery-server/src/main/resources
2018-05-16 19:32:47,112 [Worker-49] INFO  o.e.m.j.i.AbstractJavaProjectConfigurator - Adding resource folder /airfast-discovery-server/src/main/resources
2018-05-16 19:32:47,132 [Worker-49] INFO  o.e.m.j.i.AbstractJavaProjectConfigurator - Adding source folder /airfast-discovery-server/src/test/java
2018-05-16 19:32:56,973 [Worker-49] INFO  o.e.m.c.i.p.ProjectConfigurationManager - Imported and configured 1 project(s) in 42 sec
2018-05-16 19:33:05,211 [Worker-49] INFO  o.e.m.c.i.embedder.EclipseLogger - Using 'UTF-8' encoding to copy filtered resources.
2018-05-16 19:33:05,216 [Worker-49] INFO  o.e.m.c.i.embedder.EclipseLogger - Copying 1 resource
2018-05-16 19:33:05,229 [Worker-49] INFO  o.e.m.c.i.embedder.EclipseLogger - Copying 0 resource
2018-05-16 19:33:05,233 [Worker-49] INFO  o.e.m.c.i.embedder.EclipseLogger - Using 'UTF-8' encoding to copy filtered resources.
2018-05-16 19:33:05,233 [Worker-49] INFO  o.e.m.c.i.embedder.EclipseLogger - skip non existing resourceDirectory D:\Chiranjeevi\SampleProject\airfast-discovery-server\src\test\resources
2018-05-16 19:33:11,372 [Worker-52] INFO  o.e.m.c.i.embedder.EclipseLogger - Using 'UTF-8' encoding to copy filtered resources.
2018-05-16 19:33:11,374 [Worker-52] INFO  o.e.m.c.i.embedder.EclipseLogger - Copying 0 resource
2018-05-16 19:33:11,374 [Worker-52] INFO  o.e.m.c.i.embedder.EclipseLogger - Copying 0 resource
2018-05-16 19:33:11,377 [Worker-52] INFO  o.e.m.c.i.embedder.EclipseLogger - Using 'UTF-8' encoding to copy filtered resources.
2018-05-16 19:33:11,377 [Worker-52] INFO  o.e.m.c.i.embedder.EclipseLogger - skip non existing resourceDirectory D:\Chiranjeevi\SampleProject\airfast-discovery-server\src\test\resources
2018-05-16 19:33:58,197 [Worker-49] INFO  o.e.m.c.i.embedder.EclipseLogger - Using 'UTF-8' encoding to copy filtered resources.
2018-05-16 19:33:58,200 [Worker-49] INFO  o.e.m.c.i.embedder.EclipseLogger - Copying 1 resource
2018-05-16 19:33:58,203 [Worker-49] INFO  o.e.m.c.i.embedder.EclipseLogger - Copying 0 resource
2018-05-16 19:33:58,207 [Worker-49] INFO  o.e.m.c.i.embedder.EclipseLogger - Using 'UTF-8' encoding to copy filtered resources.
2018-05-16 19:33:58,207 [Worker-49] INFO  o.e.m.c.i.embedder.EclipseLogger - skip non existing resourceDirectory D:\Chiranjeevi\SampleProject\airfast-discovery-server\src\test\resources
2018-05-16 19:36:08,053 [Worker-50] INFO  o.e.m.c.i.l.LifecycleMappingFactory - Using org.eclipse.m2e.jdt.JarLifecycleMapping lifecycle mapping for MavenProject: io.airfast:airfast-discovery-server:0.0.1-SNAPSHOT @ D:\Chiranjeevi\SampleProject\airfast-discovery-server\pom.xml.
2018-05-16 19:36:08,841 [Worker-50] INFO  o.e.m.c.i.e.AbstractTransferListenerAdapter - Downloading https://repo.spring.io/snapshot/org/springframework/cloud/spring-cloud-starter-netflix-eureka-server/2.0.0.BUILD-SNAPSHOT/maven-metadata.xml
2018-05-16 19:36:09,222 [Worker-50] INFO  o.e.m.c.i.e.AbstractTransferListenerAdapter - Downloaded https://repo.spring.io/snapshot/org/springframework/cloud/spring-cloud-starter-netflix-eureka-server/2.0.0.BUILD-SNAPSHOT/maven-metadata.xml
2018-05-16 19:36:09,664 [Worker-50] INFO  o.e.m.c.i.e.AbstractTransferListenerAdapter - Downloading https://repo.spring.io/snapshot/org/springframework/cloud/spring-cloud-starter-netflix-eureka-server/2.0.0.BUILD-SNAPSHOT/spring-cloud-starter-netflix-eureka-server-2.0.0.BUILD-20180516.111033-1977.pom
2018-05-16 19:36:10,413 [Worker-50] INFO  o.e.m.c.i.e.AbstractTransferListenerAdapter - Downloaded https://repo.spring.io/snapshot/org/springframework/cloud/spring-cloud-starter-netflix-eureka-server/2.0.0.BUILD-SNAPSHOT/spring-cloud-starter-netflix-eureka-server-2.0.0.BUILD-20180516.111033-1977.pom
2018-05-16 19:36:11,085 [Worker-50] INFO  o.e.m.c.i.e.AbstractTransferListenerAdapter - Downloading https://repo.spring.io/snapshot/org/springframework/cloud/spring-cloud-netflix-eureka-server/2.0.0.BUILD-SNAPSHOT/maven-metadata.xml
2018-05-16 19:36:11,457 [Worker-50] INFO  o.e.m.c.i.e.AbstractTransferListenerAdapter - Downloaded https://repo.spring.io/snapshot/org/springframework/cloud/spring-cloud-netflix-eureka-server/2.0.0.BUILD-SNAPSHOT/maven-metadata.xml
2018-05-16 19:36:11,793 [Worker-50] INFO  o.e.m.c.i.e.AbstractTransferListenerAdapter - Downloading https://repo.spring.io/snapshot/org/springframework/cloud/spring-cloud-netflix-eureka-server/2.0.0.BUILD-SNAPSHOT/spring-cloud-netflix-eureka-server-2.0.0.BUILD-20180516.110646-2445.pom
2018-05-16 19:36:12,660 [Worker-50] INFO  o.e.m.c.i.e.AbstractTransferListenerAdapter - Downloaded https://repo.spring.io/snapshot/org/springframework/cloud/spring-cloud-netflix-eureka-server/2.0.0.BUILD-SNAPSHOT/spring-cloud-netflix-eureka-server-2.0.0.BUILD-20180516.110646-2445.pom
2018-05-16 19:36:14,457 [Worker-50] INFO  o.e.m.c.i.e.AbstractTransferListenerAdapter - Downloaded https://repo.spring.io/snapshot/org/springframework/boot/spring-boot-starter-freemarker/2.0.2.RELEASE/spring-boot-starter-freemarker-2.0.2.RELEASE.pom
2018-05-16 19:36:14,997 [Worker-50] INFO  o.e.m.c.i.e.AbstractTransferListenerAdapter - Downloading https://repo.spring.io/milestone/org/springframework/boot/spring-boot-starter-freemarker/2.0.2.RELEASE/spring-boot-starter-freemarker-2.0.2.RELEASE.pom
2018-05-16 19:36:15,362 [Worker-50] INFO  o.e.m.c.i.e.AbstractTransferListenerAdapter - Downloaded https://repo.spring.io/milestone/org/springframework/boot/spring-boot-starter-freemarker/2.0.2.RELEASE/spring-boot-starter-freemarker-2.0.2.RELEASE.pom
2018-05-16 19:36:15,974 [Worker-50] INFO  o.e.m.c.i.e.AbstractTransferListenerAdapter - Downloaded https://repo.spring.io/snapshot/org/springframework/spring-context-support/5.0.6.RELEASE/spring-context-support-5.0.6.RELEASE.pom
2018-05-16 19:36:16,378 [Worker-50] INFO  o.e.m.c.i.e.AbstractTransferListenerAdapter - Downloading https://repo.spring.io/milestone/org/springframework/spring-context-support/5.0.6.RELEASE/spring-context-support-5.0.6.RELEASE.pom
2018-05-16 19:36:16,853 [Worker-50] INFO  o.e.m.c.i.e.AbstractTransferListenerAdapter - Downloaded https://repo.spring.io/milestone/org/springframework/spring-context-support/5.0.6.RELEASE/spring-context-support-5.0.6.RELEASE.pom
2018-05-16 19:36:18,258 [Worker-50] INFO  o.e.m.c.i.e.AbstractTransferListenerAdapter - Downloading https://repo.spring.io/snapshot/org/springframework/cloud/spring-cloud-starter-netflix-eureka-server/2.0.0.BUILD-SNAPSHOT/spring-cloud-starter-netflix-eureka-server-2.0.0.BUILD-20180516.111033-1977.jar
2018-05-16 19:36:18,604 [Worker-50] INFO  o.e.m.c.i.e.AbstractTransferListenerAdapter - Downloaded https://repo.spring.io/snapshot/org/springframework/cloud/spring-cloud-starter-netflix-eureka-server/2.0.0.BUILD-SNAPSHOT/spring-cloud-starter-netflix-eureka-server-2.0.0.BUILD-20180516.111033-1977.jar
2018-05-16 19:36:18,936 [Worker-50] INFO  o.e.m.c.i.e.AbstractTransferListenerAdapter - Downloading https://repo.spring.io/snapshot/org/springframework/cloud/spring-cloud-netflix-eureka-server/2.0.0.BUILD-SNAPSHOT/spring-cloud-netflix-eureka-server-2.0.0.BUILD-20180516.110646-2445.jar
2018-05-16 19:36:20,692 [Worker-50] INFO  o.e.m.c.i.e.AbstractTransferListenerAdapter - Downloaded https://repo.spring.io/snapshot/org/springframework/cloud/spring-cloud-netflix-eureka-server/2.0.0.BUILD-SNAPSHOT/spring-cloud-netflix-eureka-server-2.0.0.BUILD-20180516.110646-2445.jar
2018-05-16 19:36:21,024 [Worker-50] INFO  o.e.m.c.i.e.AbstractTransferListenerAdapter - Downloaded https://repo.spring.io/snapshot/org/springframework/boot/spring-boot-starter-freemarker/2.0.2.RELEASE/spring-boot-starter-freemarker-2.0.2.RELEASE.jar
2018-05-16 19:36:21,563 [Worker-50] INFO  o.e.m.c.i.e.AbstractTransferListenerAdapter - Downloaded https://repo.spring.io/snapshot/org/springframework/spring-context-support/5.0.6.RELEASE/spring-context-support-5.0.6.RELEASE.jar
2018-05-16 19:36:22,372 [Worker-50] INFO  o.e.m.c.i.e.AbstractTransferListenerAdapter - Downloading https://repo.spring.io/milestone/org/springframework/boot/spring-boot-starter-freemarker/2.0.2.RELEASE/spring-boot-starter-freemarker-2.0.2.RELEASE.jar
2018-05-16 19:36:22,852 [Worker-50] INFO  o.e.m.c.i.e.AbstractTransferListenerAdapter - Downloaded https://repo.spring.io/milestone/org/springframework/boot/spring-boot-starter-freemarker/2.0.2.RELEASE/spring-boot-starter-freemarker-2.0.2.RELEASE.jar
2018-05-16 19:36:23,527 [Worker-50] INFO  o.e.m.c.i.e.AbstractTransferListenerAdapter - Downloading https://repo.spring.io/milestone/org/springframework/spring-context-support/5.0.6.RELEASE/spring-context-support-5.0.6.RELEASE.jar
2018-05-16 19:36:24,956 [Worker-50] INFO  o.e.m.c.i.e.AbstractTransferListenerAdapter - Downloaded https://repo.spring.io/milestone/org/springframework/spring-context-support/5.0.6.RELEASE/spring-context-support-5.0.6.RELEASE.jar
2018-05-16 19:36:26,785 [Worker-50] INFO  o.e.m.j.i.AbstractJavaProjectConfigurator - Adding source folder /airfast-discovery-server/src/main/java
2018-05-16 19:36:26,786 [Worker-50] INFO  o.e.m.j.i.AbstractJavaProjectConfigurator - Adding resource folder /airfast-discovery-server/src/main/resources
2018-05-16 19:36:26,967 [Worker-50] INFO  o.e.m.j.i.AbstractJavaProjectConfigurator - Adding resource folder /airfast-discovery-server/src/main/resources
2018-05-16 19:36:27,004 [Worker-50] INFO  o.e.m.j.i.AbstractJavaProjectConfigurator - Adding source folder /airfast-discovery-server/src/test/java
2018-05-16 19:36:28,544 [Worker-50] INFO  o.e.m.c.i.p.ProjectConfigurationManager - Imported and configured 1 project(s) in 21 sec
2018-05-16 19:36:31,224 [Worker-52] INFO  o.e.m.c.i.embedder.EclipseLogger - Using 'UTF-8' encoding to copy filtered resources.
2018-05-16 19:36:31,225 [Worker-52] INFO  o.e.m.c.i.embedder.EclipseLogger - Copying 1 resource
2018-05-16 19:36:31,239 [Worker-52] INFO  o.e.m.c.i.embedder.EclipseLogger - Copying 0 resource
2018-05-16 19:36:31,242 [Worker-52] INFO  o.e.m.c.i.embedder.EclipseLogger - Using 'UTF-8' encoding to copy filtered resources.
2018-05-16 19:36:31,242 [Worker-52] INFO  o.e.m.c.i.embedder.EclipseLogger - skip non existing resourceDirectory D:\Chiranjeevi\SampleProject\airfast-discovery-server\src\test\resources
2018-05-16 19:37:27,355 [Worker-53] INFO  o.e.m.c.i.embedder.EclipseLogger - Using 'UTF-8' encoding to copy filtered resources.
2018-05-16 19:37:27,356 [Worker-53] INFO  o.e.m.c.i.embedder.EclipseLogger - Copying 1 resource
2018-05-16 19:37:27,360 [Worker-53] INFO  o.e.m.c.i.embedder.EclipseLogger - Copying 0 resource
2018-05-16 19:37:27,362 [Worker-53] INFO  o.e.m.c.i.embedder.EclipseLogger - Using 'UTF-8' encoding to copy filtered resources.
2018-05-16 19:37:27,363 [Worker-53] INFO  o.e.m.c.i.embedder.EclipseLogger - skip non existing resourceDirectory D:\Chiranjeevi\SampleProject\airfast-discovery-server\src\test\resources
2018-05-16 19:38:13,669 [Worker-52] INFO  o.e.m.c.i.embedder.EclipseLogger - Using 'UTF-8' encoding to copy filtered resources.
2018-05-16 19:38:13,673 [Worker-52] INFO  o.e.m.c.i.embedder.EclipseLogger - Copying 1 resource
2018-05-16 19:38:13,676 [Worker-52] INFO  o.e.m.c.i.embedder.EclipseLogger - Copying 0 resource
2018-05-16 19:38:13,680 [Worker-52] INFO  o.e.m.c.i.embedder.EclipseLogger - Using 'UTF-8' encoding to copy filtered resources.
2018-05-16 19:38:13,680 [Worker-52] INFO  o.e.m.c.i.embedder.EclipseLogger - skip non existing resourceDirectory D:\Chiranjeevi\SampleProject\airfast-discovery-server\src\test\resources
2018-05-16 19:38:17,118 [Worker-52] INFO  o.e.m.c.i.embedder.EclipseLogger - Using 'UTF-8' encoding to copy filtered resources.
2018-05-16 19:38:17,120 [Worker-52] INFO  o.e.m.c.i.embedder.EclipseLogger - Copying 1 resource
2018-05-16 19:38:17,123 [Worker-52] INFO  o.e.m.c.i.embedder.EclipseLogger - Copying 0 resource
2018-05-16 19:38:17,126 [Worker-52] INFO  o.e.m.c.i.embedder.EclipseLogger - Using 'UTF-8' encoding to copy filtered resources.
2018-05-16 19:38:17,127 [Worker-52] INFO  o.e.m.c.i.embedder.EclipseLogger - skip non existing resourceDirectory D:\Chiranjeevi\SampleProject\airfast-discovery-server\src\test\resources
2018-05-16 19:40:41,666 [Worker-47] INFO  o.e.m.c.i.embedder.EclipseLogger - Using 'UTF-8' encoding to copy filtered resources.
2018-05-16 19:40:41,667 [Worker-47] INFO  o.e.m.c.i.embedder.EclipseLogger - Copying 1 resource
2018-05-16 19:40:41,671 [Worker-47] INFO  o.e.m.c.i.embedder.EclipseLogger - Copying 0 resource
2018-05-16 19:40:41,674 [Worker-47] INFO  o.e.m.c.i.embedder.EclipseLogger - Using 'UTF-8' encoding to copy filtered resources.
2018-05-16 19:40:41,675 [Worker-47] INFO  o.e.m.c.i.embedder.EclipseLogger - skip non existing resourceDirectory D:\Chiranjeevi\SampleProject\airfast-discovery-server\src\test\resources
2018-05-16 19:41:13,367 [Worker-52] INFO  o.e.m.c.i.embedder.EclipseLogger - Using 'UTF-8' encoding to copy filtered resources.
2018-05-16 19:41:13,368 [Worker-52] INFO  o.e.m.c.i.embedder.EclipseLogger - Copying 1 resource
2018-05-16 19:41:13,370 [Worker-52] INFO  o.e.m.c.i.embedder.EclipseLogger - Copying 0 resource
2018-05-16 19:41:13,373 [Worker-52] INFO  o.e.m.c.i.embedder.EclipseLogger - Using 'UTF-8' encoding to copy filtered resources.
2018-05-16 19:41:13,373 [Worker-52] INFO  o.e.m.c.i.embedder.EclipseLogger - skip non existing resourceDirectory D:\Chiranjeevi\SampleProject\airfast-discovery-server\src\test\resources
2018-05-16 19:47:36,817 [Worker-50] INFO  o.e.m.c.i.l.LifecycleMappingFactory - Using org.eclipse.m2e.jdt.JarLifecycleMapping lifecycle mapping for MavenProject: io.airfast:airfast-catalog-service:0.0.1-SNAPSHOT @ D:\Chiranjeevi\SampleProject\airfast-catalog-service\pom.xml.
2018-05-16 19:47:39,554 [Worker-50] INFO  o.e.m.j.i.AbstractJavaProjectConfigurator - Adding source folder /airfast-catalog-service/src/main/java
2018-05-16 19:47:39,554 [Worker-50] INFO  o.e.m.j.i.AbstractJavaProjectConfigurator - Adding resource folder /airfast-catalog-service/src/main/resources
2018-05-16 19:47:39,567 [Worker-50] INFO  o.e.m.j.i.AbstractJavaProjectConfigurator - Adding resource folder /airfast-catalog-service/src/main/resources
2018-05-16 19:47:39,592 [Worker-50] INFO  o.e.m.j.i.AbstractJavaProjectConfigurator - Adding source folder /airfast-catalog-service/src/test/java
2018-05-16 19:47:40,069 [Worker-50] INFO  o.e.m.c.i.p.ProjectConfigurationManager - Imported and configured 1 project(s) in 4 sec
2018-05-16 19:47:42,761 [Worker-57] INFO  o.e.m.c.i.embedder.EclipseLogger - Using 'UTF-8' encoding to copy filtered resources.
2018-05-16 19:47:42,762 [Worker-57] INFO  o.e.m.c.i.embedder.EclipseLogger - Copying 1 resource
2018-05-16 19:47:42,763 [Worker-57] INFO  o.e.m.c.i.embedder.EclipseLogger - Copying 0 resource
2018-05-16 19:47:42,766 [Worker-57] INFO  o.e.m.c.i.embedder.EclipseLogger - Using 'UTF-8' encoding to copy filtered resources.
2018-05-16 19:47:42,766 [Worker-57] INFO  o.e.m.c.i.embedder.EclipseLogger - skip non existing resourceDirectory D:\Chiranjeevi\SampleProject\airfast-catalog-service\src\test\resources
2018-05-16 19:47:44,227 [Worker-59] INFO  o.e.m.c.i.embedder.EclipseLogger - Using 'UTF-8' encoding to copy filtered resources.
2018-05-16 19:47:44,229 [Worker-59] INFO  o.e.m.c.i.embedder.EclipseLogger - Copying 0 resource
2018-05-16 19:47:44,229 [Worker-59] INFO  o.e.m.c.i.embedder.EclipseLogger - Copying 0 resource
2018-05-16 19:47:44,233 [Worker-59] INFO  o.e.m.c.i.embedder.EclipseLogger - Using 'UTF-8' encoding to copy filtered resources.
2018-05-16 19:47:44,233 [Worker-59] INFO  o.e.m.c.i.embedder.EclipseLogger - skip non existing resourceDirectory D:\Chiranjeevi\SampleProject\airfast-catalog-service\src\test\resources
2018-05-16 19:49:00,224 [Worker-50] INFO  o.e.m.c.i.embedder.EclipseLogger - Using 'UTF-8' encoding to copy filtered resources.
2018-05-16 19:49:00,225 [Worker-50] INFO  o.e.m.c.i.embedder.EclipseLogger - Copying 1 resource
2018-05-16 19:49:00,227 [Worker-50] INFO  o.e.m.c.i.embedder.EclipseLogger - Copying 0 resource
2018-05-16 19:49:00,230 [Worker-50] INFO  o.e.m.c.i.embedder.EclipseLogger - Using 'UTF-8' encoding to copy filtered resources.
2018-05-16 19:49:00,230 [Worker-50] INFO  o.e.m.c.i.embedder.EclipseLogger - skip non existing resourceDirectory D:\Chiranjeevi\SampleProject\airfast-catalog-service\src\test\resources
2018-05-16 19:51:03,608 [Worker-57] INFO  o.e.m.c.i.embedder.EclipseLogger - Using 'UTF-8' encoding to copy filtered resources.
2018-05-16 19:51:03,609 [Worker-57] INFO  o.e.m.c.i.embedder.EclipseLogger - Copying 1 resource
2018-05-16 19:51:03,611 [Worker-57] INFO  o.e.m.c.i.embedder.EclipseLogger - Copying 0 resource
2018-05-16 19:51:03,613 [Worker-57] INFO  o.e.m.c.i.embedder.EclipseLogger - Using 'UTF-8' encoding to copy filtered resources.
2018-05-16 19:51:03,613 [Worker-57] INFO  o.e.m.c.i.embedder.EclipseLogger - skip non existing resourceDirectory D:\Chiranjeevi\SampleProject\airfast-catalog-service\src\test\resources
2018-05-16 19:51:08,027 [Worker-59] INFO  o.e.m.c.i.embedder.EclipseLogger - Using 'UTF-8' encoding to copy filtered resources.
2018-05-16 19:51:08,028 [Worker-59] INFO  o.e.m.c.i.embedder.EclipseLogger - Copying 1 resource
2018-05-16 19:51:08,031 [Worker-59] INFO  o.e.m.c.i.embedder.EclipseLogger - Copying 0 resource
2018-05-16 19:51:08,035 [Worker-59] INFO  o.e.m.c.i.embedder.EclipseLogger - Using 'UTF-8' encoding to copy filtered resources.
2018-05-16 19:51:08,035 [Worker-59] INFO  o.e.m.c.i.embedder.EclipseLogger - skip non existing resourceDirectory D:\Chiranjeevi\SampleProject\airfast-catalog-service\src\test\resources
2018-05-16 19:51:20,949 [Worker-57] INFO  o.e.m.c.i.embedder.EclipseLogger - Using 'UTF-8' encoding to copy filtered resources.
2018-05-16 19:51:20,950 [Worker-57] INFO  o.e.m.c.i.embedder.EclipseLogger - Copying 1 resource
2018-05-16 19:51:20,952 [Worker-57] INFO  o.e.m.c.i.embedder.EclipseLogger - Copying 0 resource
2018-05-16 19:51:20,965 [Worker-57] INFO  o.e.m.c.i.embedder.EclipseLogger - Using 'UTF-8' encoding to copy filtered resources.
2018-05-16 19:51:20,965 [Worker-57] INFO  o.e.m.c.i.embedder.EclipseLogger - skip non existing resourceDirectory D:\Chiranjeevi\SampleProject\airfast-catalog-service\src\test\resources
2018-05-16 19:53:24,460 [Worker-62] INFO  o.e.m.c.i.embedder.EclipseLogger - Using 'UTF-8' encoding to copy filtered resources.
2018-05-16 19:53:24,461 [Worker-62] INFO  o.e.m.c.i.embedder.EclipseLogger - Copying 1 resource
2018-05-16 19:53:24,477 [Worker-62] INFO  o.e.m.c.i.embedder.EclipseLogger - Copying 0 resource
2018-05-16 19:53:24,483 [Worker-62] INFO  o.e.m.c.i.embedder.EclipseLogger - Using 'UTF-8' encoding to copy filtered resources.
2018-05-16 19:53:24,485 [Worker-62] INFO  o.e.m.c.i.embedder.EclipseLogger - skip non existing resourceDirectory D:\Chiranjeevi\SampleProject\airfast-catalog-service\src\test\resources
2018-05-16 19:54:36,427 [Worker-62] INFO  o.e.m.c.i.embedder.EclipseLogger - Using 'UTF-8' encoding to copy filtered resources.
2018-05-16 19:54:36,428 [Worker-62] INFO  o.e.m.c.i.embedder.EclipseLogger - Copying 1 resource
2018-05-16 19:54:36,431 [Worker-62] INFO  o.e.m.c.i.embedder.EclipseLogger - Copying 0 resource
2018-05-16 19:54:36,434 [Worker-62] INFO  o.e.m.c.i.embedder.EclipseLogger - Using 'UTF-8' encoding to copy filtered resources.
2018-05-16 19:54:36,435 [Worker-62] INFO  o.e.m.c.i.embedder.EclipseLogger - skip non existing resourceDirectory D:\Chiranjeevi\SampleProject\airfast-catalog-service\src\test\resources
2018-05-16 19:55:33,731 [Worker-61] INFO  o.e.m.c.i.embedder.EclipseLogger - Using 'UTF-8' encoding to copy filtered resources.
2018-05-16 19:55:33,732 [Worker-61] INFO  o.e.m.c.i.embedder.EclipseLogger - Copying 1 resource
2018-05-16 19:55:33,736 [Worker-61] INFO  o.e.m.c.i.embedder.EclipseLogger - Copying 0 resource
2018-05-16 19:55:33,740 [Worker-61] INFO  o.e.m.c.i.embedder.EclipseLogger - Using 'UTF-8' encoding to copy filtered resources.
2018-05-16 19:55:33,740 [Worker-61] INFO  o.e.m.c.i.embedder.EclipseLogger - skip non existing resourceDirectory D:\Chiranjeevi\SampleProject\airfast-catalog-service\src\test\resources
2018-05-16 19:55:45,390 [Worker-63] INFO  o.e.m.c.i.embedder.EclipseLogger - Using 'UTF-8' encoding to copy filtered resources.
2018-05-16 19:55:45,391 [Worker-63] INFO  o.e.m.c.i.embedder.EclipseLogger - Copying 1 resource
2018-05-16 19:55:45,394 [Worker-63] INFO  o.e.m.c.i.embedder.EclipseLogger - Copying 0 resource
2018-05-16 19:55:45,403 [Worker-63] INFO  o.e.m.c.i.embedder.EclipseLogger - Using 'UTF-8' encoding to copy filtered resources.
2018-05-16 19:55:45,403 [Worker-63] INFO  o.e.m.c.i.embedder.EclipseLogger - skip non existing resourceDirectory D:\Chiranjeevi\SampleProject\airfast-catalog-service\src\test\resources
2018-05-16 20:48:24,432 [Worker-74] INFO  o.e.m.c.i.l.LifecycleMappingFactory - Using org.eclipse.m2e.jdt.JarLifecycleMapping lifecycle mapping for MavenProject: io.airfast:airfast-catalog-client:0.0.1-SNAPSHOT @ D:\Chiranjeevi\SampleProject\airfast-catalog-client\pom.xml.
2018-05-16 20:48:34,882 [Worker-74] INFO  o.e.m.j.i.AbstractJavaProjectConfigurator - Adding source folder /airfast-catalog-client/src/main/java
2018-05-16 20:48:34,904 [Worker-74] INFO  o.e.m.j.i.AbstractJavaProjectConfigurator - Adding resource folder /airfast-catalog-client/src/main/resources
2018-05-16 20:48:34,938 [Worker-74] INFO  o.e.m.j.i.AbstractJavaProjectConfigurator - Adding resource folder /airfast-catalog-client/src/main/resources
2018-05-16 20:48:34,959 [Worker-74] INFO  o.e.m.j.i.AbstractJavaProjectConfigurator - Adding source folder /airfast-catalog-client/src/test/java
2018-05-16 20:48:35,785 [Worker-74] INFO  o.e.m.c.i.p.ProjectConfigurationManager - Imported and configured 1 project(s) in 23 sec
2018-05-16 20:48:43,495 [Worker-75] INFO  o.e.m.c.i.embedder.EclipseLogger - Using 'UTF-8' encoding to copy filtered resources.
2018-05-16 20:48:43,517 [Worker-75] INFO  o.e.m.c.i.embedder.EclipseLogger - Copying 1 resource
2018-05-16 20:48:43,543 [Worker-75] INFO  o.e.m.c.i.embedder.EclipseLogger - Copying 0 resource
2018-05-16 20:48:43,545 [Worker-75] INFO  o.e.m.c.i.embedder.EclipseLogger - Using 'UTF-8' encoding to copy filtered resources.
2018-05-16 20:48:43,545 [Worker-75] INFO  o.e.m.c.i.embedder.EclipseLogger - skip non existing resourceDirectory D:\Chiranjeevi\SampleProject\airfast-catalog-client\src\test\resources
2018-05-16 20:48:45,907 [Worker-76] INFO  o.e.m.c.i.embedder.EclipseLogger - Using 'UTF-8' encoding to copy filtered resources.
2018-05-16 20:48:45,908 [Worker-76] INFO  o.e.m.c.i.embedder.EclipseLogger - Copying 0 resource
2018-05-16 20:48:45,908 [Worker-76] INFO  o.e.m.c.i.embedder.EclipseLogger - Copying 0 resource
2018-05-16 20:48:45,910 [Worker-76] INFO  o.e.m.c.i.embedder.EclipseLogger - Using 'UTF-8' encoding to copy filtered resources.
2018-05-16 20:48:45,910 [Worker-76] INFO  o.e.m.c.i.embedder.EclipseLogger - skip non existing resourceDirectory D:\Chiranjeevi\SampleProject\airfast-catalog-client\src\test\resources
2018-05-16 20:50:00,062 [Worker-70] INFO  o.e.m.c.i.embedder.EclipseLogger - Using 'UTF-8' encoding to copy filtered resources.
2018-05-16 20:50:00,063 [Worker-70] INFO  o.e.m.c.i.embedder.EclipseLogger - Copying 1 resource
2018-05-16 20:50:00,065 [Worker-70] INFO  o.e.m.c.i.embedder.EclipseLogger - Copying 0 resource
2018-05-16 20:50:00,069 [Worker-70] INFO  o.e.m.c.i.embedder.EclipseLogger - Using 'UTF-8' encoding to copy filtered resources.
2018-05-16 20:50:00,069 [Worker-70] INFO  o.e.m.c.i.embedder.EclipseLogger - skip non existing resourceDirectory D:\Chiranjeevi\SampleProject\airfast-catalog-client\src\test\resources
2018-05-16 20:50:53,249 [Worker-74] INFO  o.e.m.c.i.embedder.EclipseLogger - Using 'UTF-8' encoding to copy filtered resources.
2018-05-16 20:50:53,250 [Worker-74] INFO  o.e.m.c.i.embedder.EclipseLogger - Copying 1 resource
2018-05-16 20:50:53,252 [Worker-74] INFO  o.e.m.c.i.embedder.EclipseLogger - Copying 0 resource
2018-05-16 20:50:53,257 [Worker-74] INFO  o.e.m.c.i.embedder.EclipseLogger - Using 'UTF-8' encoding to copy filtered resources.
2018-05-16 20:50:53,257 [Worker-74] INFO  o.e.m.c.i.embedder.EclipseLogger - skip non existing resourceDirectory D:\Chiranjeevi\SampleProject\airfast-catalog-client\src\test\resources
2018-05-16 20:52:07,333 [Worker-71] INFO  o.e.m.c.i.embedder.EclipseLogger - Using 'UTF-8' encoding to copy filtered resources.
2018-05-16 20:52:07,336 [Worker-71] INFO  o.e.m.c.i.embedder.EclipseLogger - Copying 1 resource
2018-05-16 20:52:07,338 [Worker-71] INFO  o.e.m.c.i.embedder.EclipseLogger - Copying 0 resource
2018-05-16 20:52:07,345 [Worker-71] INFO  o.e.m.c.i.embedder.EclipseLogger - Using 'UTF-8' encoding to copy filtered resources.
2018-05-16 20:52:07,345 [Worker-71] INFO  o.e.m.c.i.embedder.EclipseLogger - skip non existing resourceDirectory D:\Chiranjeevi\SampleProject\airfast-catalog-client\src\test\resources
2018-05-16 20:52:19,067 [Worker-74] INFO  o.e.m.c.i.embedder.EclipseLogger - Using 'UTF-8' encoding to copy filtered resources.
2018-05-16 20:52:19,073 [Worker-74] INFO  o.e.m.c.i.embedder.EclipseLogger - Copying 1 resource
2018-05-16 20:52:19,078 [Worker-74] INFO  o.e.m.c.i.embedder.EclipseLogger - Copying 0 resource
2018-05-16 20:52:19,080 [Worker-74] INFO  o.e.m.c.i.embedder.EclipseLogger - Using 'UTF-8' encoding to copy filtered resources.
2018-05-16 20:52:19,080 [Worker-74] INFO  o.e.m.c.i.embedder.EclipseLogger - skip non existing resourceDirectory D:\Chiranjeevi\SampleProject\airfast-catalog-client\src\test\resources
2018-05-16 20:52:42,106 [Worker-70] INFO  o.e.m.c.i.embedder.EclipseLogger - Using 'UTF-8' encoding to copy filtered resources.
2018-05-16 20:52:42,107 [Worker-70] INFO  o.e.m.c.i.embedder.EclipseLogger - Copying 1 resource
2018-05-16 20:52:42,109 [Worker-70] INFO  o.e.m.c.i.embedder.EclipseLogger - Copying 0 resource
2018-05-16 20:52:42,112 [Worker-70] INFO  o.e.m.c.i.embedder.EclipseLogger - Using 'UTF-8' encoding to copy filtered resources.
2018-05-16 20:52:42,112 [Worker-70] INFO  o.e.m.c.i.embedder.EclipseLogger - skip non existing resourceDirectory D:\Chiranjeevi\SampleProject\airfast-catalog-client\src\test\resources
2018-05-16 20:54:13,221 [Worker-66] WARN  o.e.r.models.ModelRepository - Failed to download org.eclipse.recommenders:index::zip:0.0.0
org.eclipse.aether.resolution.ArtifactResolutionException: Could not transfer artifact org.eclipse.recommenders:index:zip:0.0.0-20160630.190154-1 from/to models (http://download.eclipse.org/recommenders/models/neon/): Proxy Authorization Required (407)
	at org.eclipse.aether.internal.impl.DefaultArtifactResolver.resolve(DefaultArtifactResolver.java:444) ~[na:na]
	at org.eclipse.aether.internal.impl.DefaultArtifactResolver.resolveArtifacts(DefaultArtifactResolver.java:246) ~[na:na]
	at org.eclipse.aether.internal.impl.DefaultArtifactResolver.resolveArtifact(DefaultArtifactResolver.java:223) ~[na:na]
	at org.eclipse.aether.internal.impl.DefaultRepositorySystem.resolveArtifact(DefaultRepositorySystem.java:294) ~[na:na]
	at org.eclipse.recommenders.models.ModelRepository.resolveInternal(ModelRepository.java:193) [org.eclipse.recommenders.models_2.4.5.v20161130-1427.jar:na]
	at org.eclipse.recommenders.models.ModelRepository.resolve(ModelRepository.java:172) [org.eclipse.recommenders.models_2.4.5.v20161130-1427.jar:na]
	at org.eclipse.recommenders.internal.models.rcp.EclipseModelRepository.resolve(EclipseModelRepository.java:169) [org.eclipse.recommenders.models.rcp_2.4.5.v20161130-1427.jar:na]
	at org.eclipse.recommenders.internal.models.rcp.DownloadModelArchiveJob.run(DownloadModelArchiveJob.java:76) [org.eclipse.recommenders.models.rcp_2.4.5.v20161130-1427.jar:na]
	at org.eclipse.core.internal.jobs.Worker.run(Worker.java:55) [org.eclipse.core.jobs_3.8.0.v20160509-0411.jar:na]
Caused by: org.eclipse.aether.transfer.ArtifactTransferException: Could not transfer artifact org.eclipse.recommenders:index:zip:0.0.0-20160630.190154-1 from/to models (http://download.eclipse.org/recommenders/models/neon/): Proxy Authorization Required (407)
	at org.eclipse.aether.connector.basic.ArtifactTransportListener.transferFailed(ArtifactTransportListener.java:43) ~[org.eclipse.aether.connector.basic_1.0.1.v20141111.jar:na]
	at org.eclipse.aether.connector.basic.BasicRepositoryConnector$TaskRunner.run(BasicRepositoryConnector.java:355) ~[org.eclipse.aether.connector.basic_1.0.1.v20141111.jar:na]
	at org.eclipse.aether.util.concurrency.RunnableErrorForwarder$1.run(RunnableErrorForwarder.java:67) ~[na:na]
	at org.eclipse.aether.connector.basic.BasicRepositoryConnector$DirectExecutor.execute(BasicRepositoryConnector.java:581) ~[org.eclipse.aether.connector.basic_1.0.1.v20141111.jar:na]
	at org.eclipse.aether.connector.basic.BasicRepositoryConnector.get(BasicRepositoryConnector.java:249) ~[org.eclipse.aether.connector.basic_1.0.1.v20141111.jar:na]
	at org.eclipse.aether.internal.impl.DefaultArtifactResolver.performDownloads(DefaultArtifactResolver.java:520) ~[na:na]
	at org.eclipse.aether.internal.impl.DefaultArtifactResolver.resolve(DefaultArtifactResolver.java:421) ~[na:na]
	... 8 common frames omitted
Caused by: org.apache.http.client.HttpResponseException: Proxy Authorization Required (407)
	at org.eclipse.aether.transport.http.HttpTransporter.handleStatus(HttpTransporter.java:466) ~[org.eclipse.aether.transport.http_1.0.1.v20141111.jar:na]
	at org.eclipse.aether.transport.http.HttpTransporter.execute(HttpTransporter.java:291) ~[org.eclipse.aether.transport.http_1.0.1.v20141111.jar:na]
	at org.eclipse.aether.transport.http.HttpTransporter.implGet(HttpTransporter.java:243) ~[org.eclipse.aether.transport.http_1.0.1.v20141111.jar:na]
	at org.eclipse.aether.spi.connector.transport.AbstractTransporter.get(AbstractTransporter.java:59) ~[org.eclipse.aether.spi_1.0.1.v20141111.jar:na]
	at org.eclipse.aether.connector.basic.BasicRepositoryConnector$GetTaskRunner.runTask(BasicRepositoryConnector.java:447) ~[org.eclipse.aether.connector.basic_1.0.1.v20141111.jar:na]
	at org.eclipse.aether.connector.basic.BasicRepositoryConnector$TaskRunner.run(BasicRepositoryConnector.java:350) ~[org.eclipse.aether.connector.basic_1.0.1.v20141111.jar:na]
	... 13 common frames omitted
2018-05-16 21:02:46,646 [Worker-66] INFO  o.e.m.c.i.embedder.EclipseLogger - Using 'UTF-8' encoding to copy filtered resources.
2018-05-16 21:02:46,647 [Worker-66] INFO  o.e.m.c.i.embedder.EclipseLogger - Copying 1 resource
2018-05-16 21:02:46,650 [Worker-66] INFO  o.e.m.c.i.embedder.EclipseLogger - Copying 0 resource
2018-05-16 21:02:46,652 [Worker-66] INFO  o.e.m.c.i.embedder.EclipseLogger - Using 'UTF-8' encoding to copy filtered resources.
2018-05-16 21:02:46,653 [Worker-66] INFO  o.e.m.c.i.embedder.EclipseLogger - skip non existing resourceDirectory D:\Chiranjeevi\SampleProject\airfast-catalog-client\src\test\resources
2018-05-16 21:04:02,836 [Worker-75] INFO  o.e.m.c.i.embedder.EclipseLogger - Using 'UTF-8' encoding to copy filtered resources.
2018-05-16 21:04:02,837 [Worker-75] INFO  o.e.m.c.i.embedder.EclipseLogger - Copying 1 resource
2018-05-16 21:04:02,842 [Worker-75] INFO  o.e.m.c.i.embedder.EclipseLogger - Copying 0 resource
2018-05-16 21:04:02,847 [Worker-75] INFO  o.e.m.c.i.embedder.EclipseLogger - Using 'UTF-8' encoding to copy filtered resources.
2018-05-16 21:04:02,847 [Worker-75] INFO  o.e.m.c.i.embedder.EclipseLogger - skip non existing resourceDirectory D:\Chiranjeevi\SampleProject\airfast-catalog-client\src\test\resources
2018-05-16 21:05:38,684 [Worker-74] INFO  o.e.m.c.i.embedder.EclipseLogger - Using 'UTF-8' encoding to copy filtered resources.
2018-05-16 21:05:38,685 [Worker-74] INFO  o.e.m.c.i.embedder.EclipseLogger - Copying 1 resource
2018-05-16 21:05:38,690 [Worker-74] INFO  o.e.m.c.i.embedder.EclipseLogger - Copying 0 resource
2018-05-16 21:05:38,692 [Worker-74] INFO  o.e.m.c.i.embedder.EclipseLogger - Using 'UTF-8' encoding to copy filtered resources.
2018-05-16 21:05:38,692 [Worker-74] INFO  o.e.m.c.i.embedder.EclipseLogger - skip non existing resourceDirectory D:\Chiranjeevi\SampleProject\airfast-catalog-client\src\test\resources
2018-05-16 21:09:00,510 [Worker-77] INFO  o.e.m.c.i.embedder.EclipseLogger - Using 'UTF-8' encoding to copy filtered resources.
2018-05-16 21:09:00,511 [Worker-77] INFO  o.e.m.c.i.embedder.EclipseLogger - Copying 1 resource
2018-05-16 21:09:00,513 [Worker-77] INFO  o.e.m.c.i.embedder.EclipseLogger - Copying 0 resource
2018-05-16 21:09:00,515 [Worker-77] INFO  o.e.m.c.i.embedder.EclipseLogger - Using 'UTF-8' encoding to copy filtered resources.
2018-05-16 21:09:00,515 [Worker-77] INFO  o.e.m.c.i.embedder.EclipseLogger - skip non existing resourceDirectory D:\Chiranjeevi\SampleProject\airfast-catalog-client\src\test\resources
2018-05-17 11:15:32,565 [Worker-125] INFO  o.e.m.c.i.embedder.EclipseLogger - Using 'UTF-8' encoding to copy filtered resources.
2018-05-17 11:15:33,361 [Worker-125] INFO  o.e.m.c.i.embedder.EclipseLogger - Copying 1 resource
2018-05-17 11:15:33,508 [Worker-125] INFO  o.e.m.c.i.embedder.EclipseLogger - Copying 0 resource
2018-05-17 11:15:33,552 [Worker-125] INFO  o.e.m.c.i.embedder.EclipseLogger - Using 'UTF-8' encoding to copy filtered resources.
2018-05-17 11:15:33,553 [Worker-125] INFO  o.e.m.c.i.embedder.EclipseLogger - skip non existing resourceDirectory D:\Chiranjeevi\SampleProject\airfast-catalog-client\src\test\resources
2018-05-17 11:17:08,409 [Worker-115] INFO  o.e.m.c.i.embedder.EclipseLogger - Using 'UTF-8' encoding to copy filtered resources.
2018-05-17 11:17:08,410 [Worker-115] INFO  o.e.m.c.i.embedder.EclipseLogger - Copying 1 resource
2018-05-17 11:17:08,421 [Worker-115] INFO  o.e.m.c.i.embedder.EclipseLogger - Copying 0 resource
2018-05-17 11:17:08,423 [Worker-115] INFO  o.e.m.c.i.embedder.EclipseLogger - Using 'UTF-8' encoding to copy filtered resources.
2018-05-17 11:17:08,423 [Worker-115] INFO  o.e.m.c.i.embedder.EclipseLogger - skip non existing resourceDirectory D:\Chiranjeevi\SampleProject\airfast-catalog-client\src\test\resources
2018-05-17 11:17:48,083 [Worker-115] INFO  o.e.m.c.i.embedder.EclipseLogger - Using 'UTF-8' encoding to copy filtered resources.
2018-05-17 11:17:48,084 [Worker-115] INFO  o.e.m.c.i.embedder.EclipseLogger - Copying 1 resource
2018-05-17 11:17:48,088 [Worker-115] INFO  o.e.m.c.i.embedder.EclipseLogger - Copying 0 resource
2018-05-17 11:17:48,091 [Worker-115] INFO  o.e.m.c.i.embedder.EclipseLogger - Using 'UTF-8' encoding to copy filtered resources.
2018-05-17 11:17:48,092 [Worker-115] INFO  o.e.m.c.i.embedder.EclipseLogger - skip non existing resourceDirectory D:\Chiranjeevi\SampleProject\airfast-catalog-client\src\test\resources
2018-05-17 11:19:59,549 [Worker-127] INFO  o.e.m.c.i.embedder.EclipseLogger - Using 'UTF-8' encoding to copy filtered resources.
2018-05-17 11:19:59,551 [Worker-127] INFO  o.e.m.c.i.embedder.EclipseLogger - Copying 1 resource
2018-05-17 11:19:59,573 [Worker-127] INFO  o.e.m.c.i.embedder.EclipseLogger - Copying 0 resource
2018-05-17 11:19:59,576 [Worker-127] INFO  o.e.m.c.i.embedder.EclipseLogger - Using 'UTF-8' encoding to copy filtered resources.
2018-05-17 11:19:59,576 [Worker-127] INFO  o.e.m.c.i.embedder.EclipseLogger - skip non existing resourceDirectory D:\Chiranjeevi\SampleProject\airfast-catalog-service\src\test\resources
2018-05-17 11:21:43,428 [Worker-116] INFO  o.e.m.c.i.embedder.EclipseLogger - Using 'UTF-8' encoding to copy filtered resources.
2018-05-17 11:21:43,429 [Worker-116] INFO  o.e.m.c.i.embedder.EclipseLogger - Copying 1 resource
2018-05-17 11:21:43,433 [Worker-116] INFO  o.e.m.c.i.embedder.EclipseLogger - Copying 0 resource
2018-05-17 11:21:43,441 [Worker-116] INFO  o.e.m.c.i.embedder.EclipseLogger - Using 'UTF-8' encoding to copy filtered resources.
2018-05-17 11:21:43,441 [Worker-116] INFO  o.e.m.c.i.embedder.EclipseLogger - skip non existing resourceDirectory D:\Chiranjeevi\SampleProject\airfast-catalog-service\src\test\resources
2018-05-17 11:21:56,363 [Worker-127] INFO  o.e.m.c.i.embedder.EclipseLogger - Using 'UTF-8' encoding to copy filtered resources.
2018-05-17 11:21:56,364 [Worker-127] INFO  o.e.m.c.i.embedder.EclipseLogger - Copying 1 resource
2018-05-17 11:21:56,366 [Worker-127] INFO  o.e.m.c.i.embedder.EclipseLogger - Copying 0 resource
2018-05-17 11:21:56,368 [Worker-127] INFO  o.e.m.c.i.embedder.EclipseLogger - Using 'UTF-8' encoding to copy filtered resources.
2018-05-17 11:21:56,368 [Worker-127] INFO  o.e.m.c.i.embedder.EclipseLogger - skip non existing resourceDirectory D:\Chiranjeevi\SampleProject\airfast-catalog-client\src\test\resources
2018-05-17 11:29:49,706 [Worker-132] INFO  o.e.m.c.i.embedder.EclipseLogger - Using 'UTF-8' encoding to copy filtered resources.
2018-05-17 11:29:49,708 [Worker-132] INFO  o.e.m.c.i.embedder.EclipseLogger - Copying 1 resource
2018-05-17 11:29:49,712 [Worker-132] INFO  o.e.m.c.i.embedder.EclipseLogger - Copying 0 resource
2018-05-17 11:29:49,714 [Worker-132] INFO  o.e.m.c.i.embedder.EclipseLogger - Using 'UTF-8' encoding to copy filtered resources.
2018-05-17 11:29:49,715 [Worker-132] INFO  o.e.m.c.i.embedder.EclipseLogger - skip non existing resourceDirectory D:\Chiranjeevi\SampleProject\airfast-catalog-client\src\test\resources
2018-05-17 11:52:13,031 [Worker-145] INFO  o.e.m.c.i.embedder.EclipseLogger - Using 'UTF-8' encoding to copy filtered resources.
2018-05-17 11:52:13,032 [Worker-145] INFO  o.e.m.c.i.embedder.EclipseLogger - Copying 1 resource
2018-05-17 11:52:13,054 [Worker-145] INFO  o.e.m.c.i.embedder.EclipseLogger - Copying 0 resource
2018-05-17 11:52:13,059 [Worker-145] INFO  o.e.m.c.i.embedder.EclipseLogger - Using 'UTF-8' encoding to copy filtered resources.
2018-05-17 11:52:13,059 [Worker-145] INFO  o.e.m.c.i.embedder.EclipseLogger - skip non existing resourceDirectory D:\Chiranjeevi\SampleProject\airfast-catalog-service\src\test\resources
2018-05-17 11:57:58,220 [Worker-147] INFO  o.e.m.c.i.embedder.EclipseLogger - Using 'UTF-8' encoding to copy filtered resources.
2018-05-17 11:57:58,221 [Worker-147] INFO  o.e.m.c.i.embedder.EclipseLogger - Copying 1 resource
2018-05-17 11:57:58,227 [Worker-147] INFO  o.e.m.c.i.embedder.EclipseLogger - Copying 0 resource
2018-05-17 11:57:58,229 [Worker-147] INFO  o.e.m.c.i.embedder.EclipseLogger - Using 'UTF-8' encoding to copy filtered resources.
2018-05-17 11:57:58,231 [Worker-147] INFO  o.e.m.c.i.embedder.EclipseLogger - skip non existing resourceDirectory D:\Chiranjeevi\SampleProject\airfast-catalog-service\src\test\resources
2018-05-17 11:58:54,169 [Worker-143] INFO  o.e.m.c.i.embedder.EclipseLogger - Using 'UTF-8' encoding to copy filtered resources.
2018-05-17 11:58:54,170 [Worker-143] INFO  o.e.m.c.i.embedder.EclipseLogger - Copying 1 resource
2018-05-17 11:58:54,172 [Worker-143] INFO  o.e.m.c.i.embedder.EclipseLogger - Copying 0 resource
2018-05-17 11:58:54,175 [Worker-143] INFO  o.e.m.c.i.embedder.EclipseLogger - Using 'UTF-8' encoding to copy filtered resources.
2018-05-17 11:58:54,175 [Worker-143] INFO  o.e.m.c.i.embedder.EclipseLogger - skip non existing resourceDirectory D:\Chiranjeevi\SampleProject\airfast-catalog-service\src\test\resources
2018-05-17 12:06:02,757 [Worker-154] INFO  o.e.m.c.i.embedder.EclipseLogger - Using 'UTF-8' encoding to copy filtered resources.
2018-05-17 12:06:02,758 [Worker-154] INFO  o.e.m.c.i.embedder.EclipseLogger - Copying 1 resource
2018-05-17 12:06:02,768 [Worker-154] INFO  o.e.m.c.i.embedder.EclipseLogger - Copying 0 resource
2018-05-17 12:06:02,770 [Worker-154] INFO  o.e.m.c.i.embedder.EclipseLogger - Using 'UTF-8' encoding to copy filtered resources.
2018-05-17 12:06:02,770 [Worker-154] INFO  o.e.m.c.i.embedder.EclipseLogger - skip non existing resourceDirectory D:\Chiranjeevi\SampleProject\airfast-catalog-service\src\test\resources
2018-05-17 12:07:44,707 [Worker-157] INFO  o.e.m.c.i.embedder.EclipseLogger - Using 'UTF-8' encoding to copy filtered resources.
2018-05-17 12:07:44,708 [Worker-157] INFO  o.e.m.c.i.embedder.EclipseLogger - Copying 1 resource
2018-05-17 12:07:44,712 [Worker-157] INFO  o.e.m.c.i.embedder.EclipseLogger - Copying 0 resource
2018-05-17 12:07:44,715 [Worker-157] INFO  o.e.m.c.i.embedder.EclipseLogger - Using 'UTF-8' encoding to copy filtered resources.
2018-05-17 12:07:44,716 [Worker-157] INFO  o.e.m.c.i.embedder.EclipseLogger - skip non existing resourceDirectory D:\Chiranjeevi\SampleProject\airfast-catalog-service\src\test\resources
2018-05-17 12:12:39,822 [Worker-155] INFO  o.e.m.c.i.embedder.EclipseLogger - Using 'UTF-8' encoding to copy filtered resources.
2018-05-17 12:12:39,823 [Worker-155] INFO  o.e.m.c.i.embedder.EclipseLogger - Copying 1 resource
2018-05-17 12:12:39,825 [Worker-155] INFO  o.e.m.c.i.embedder.EclipseLogger - Copying 0 resource
2018-05-17 12:12:39,827 [Worker-155] INFO  o.e.m.c.i.embedder.EclipseLogger - Using 'UTF-8' encoding to copy filtered resources.
2018-05-17 12:12:39,828 [Worker-155] INFO  o.e.m.c.i.embedder.EclipseLogger - skip non existing resourceDirectory D:\Chiranjeevi\SampleProject\airfast-catalog-service\src\test\resources
2018-05-17 12:13:40,862 [Worker-160] INFO  o.e.m.c.i.embedder.EclipseLogger - Using 'UTF-8' encoding to copy filtered resources.
2018-05-17 12:13:40,863 [Worker-160] INFO  o.e.m.c.i.embedder.EclipseLogger - Copying 1 resource
2018-05-17 12:13:40,866 [Worker-160] INFO  o.e.m.c.i.embedder.EclipseLogger - Copying 0 resource
2018-05-17 12:13:40,870 [Worker-160] INFO  o.e.m.c.i.embedder.EclipseLogger - Using 'UTF-8' encoding to copy filtered resources.
2018-05-17 12:13:40,873 [Worker-160] INFO  o.e.m.c.i.embedder.EclipseLogger - skip non existing resourceDirectory D:\Chiranjeevi\SampleProject\airfast-catalog-service\src\test\resources
2018-05-17 12:15:37,338 [Worker-159] INFO  o.e.m.c.i.embedder.EclipseLogger - Using 'UTF-8' encoding to copy filtered resources.
2018-05-17 12:15:37,339 [Worker-159] INFO  o.e.m.c.i.embedder.EclipseLogger - Copying 1 resource
2018-05-17 12:15:37,342 [Worker-159] INFO  o.e.m.c.i.embedder.EclipseLogger - Copying 0 resource
2018-05-17 12:15:37,343 [Worker-159] INFO  o.e.m.c.i.embedder.EclipseLogger - Using 'UTF-8' encoding to copy filtered resources.
2018-05-17 12:15:37,344 [Worker-159] INFO  o.e.m.c.i.embedder.EclipseLogger - skip non existing resourceDirectory D:\Chiranjeevi\SampleProject\airfast-catalog-client\src\test\resources
2018-05-17 12:16:30,151 [Worker-159] INFO  o.e.m.c.i.embedder.EclipseLogger - Using 'UTF-8' encoding to copy filtered resources.
2018-05-17 12:16:30,152 [Worker-159] INFO  o.e.m.c.i.embedder.EclipseLogger - Copying 1 resource
2018-05-17 12:16:30,154 [Worker-159] INFO  o.e.m.c.i.embedder.EclipseLogger - Copying 0 resource
2018-05-17 12:16:30,157 [Worker-159] INFO  o.e.m.c.i.embedder.EclipseLogger - Using 'UTF-8' encoding to copy filtered resources.
2018-05-17 12:16:30,157 [Worker-159] INFO  o.e.m.c.i.embedder.EclipseLogger - skip non existing resourceDirectory D:\Chiranjeevi\SampleProject\airfast-catalog-service\src\test\resources
2018-05-17 12:16:48,769 [Worker-162] INFO  o.e.m.c.i.embedder.EclipseLogger - Using 'UTF-8' encoding to copy filtered resources.
2018-05-17 12:16:48,770 [Worker-162] INFO  o.e.m.c.i.embedder.EclipseLogger - Copying 1 resource
2018-05-17 12:16:48,775 [Worker-162] INFO  o.e.m.c.i.embedder.EclipseLogger - Copying 0 resource
2018-05-17 12:16:48,777 [Worker-162] INFO  o.e.m.c.i.embedder.EclipseLogger - Using 'UTF-8' encoding to copy filtered resources.
2018-05-17 12:16:48,777 [Worker-162] INFO  o.e.m.c.i.embedder.EclipseLogger - skip non existing resourceDirectory D:\Chiranjeevi\SampleProject\airfast-catalog-client\src\test\resources
2018-05-17 12:18:00,928 [Worker-159] INFO  o.e.m.c.i.embedder.EclipseLogger - Using 'UTF-8' encoding to copy filtered resources.
2018-05-17 12:18:00,929 [Worker-159] INFO  o.e.m.c.i.embedder.EclipseLogger - Copying 1 resource
2018-05-17 12:18:00,932 [Worker-159] INFO  o.e.m.c.i.embedder.EclipseLogger - Copying 0 resource
2018-05-17 12:18:00,934 [Worker-159] INFO  o.e.m.c.i.embedder.EclipseLogger - Using 'UTF-8' encoding to copy filtered resources.
2018-05-17 12:18:00,935 [Worker-159] INFO  o.e.m.c.i.embedder.EclipseLogger - skip non existing resourceDirectory D:\Chiranjeevi\SampleProject\airfast-catalog-client\src\test\resources
2018-05-17 12:19:35,006 [Worker-155] INFO  o.e.m.c.i.embedder.EclipseLogger - Using 'UTF-8' encoding to copy filtered resources.
2018-05-17 12:19:35,008 [Worker-155] INFO  o.e.m.c.i.embedder.EclipseLogger - Copying 1 resource
2018-05-17 12:19:35,010 [Worker-155] INFO  o.e.m.c.i.embedder.EclipseLogger - Copying 0 resource
2018-05-17 12:19:35,012 [Worker-155] INFO  o.e.m.c.i.embedder.EclipseLogger - Using 'UTF-8' encoding to copy filtered resources.
2018-05-17 12:19:35,012 [Worker-155] INFO  o.e.m.c.i.embedder.EclipseLogger - skip non existing resourceDirectory D:\Chiranjeevi\SampleProject\airfast-catalog-client\src\test\resources
2018-05-17 12:30:05,865 [Worker-164] INFO  o.e.m.c.i.embedder.EclipseLogger - Using 'UTF-8' encoding to copy filtered resources.
2018-05-17 12:30:05,866 [Worker-164] INFO  o.e.m.c.i.embedder.EclipseLogger - Copying 1 resource
2018-05-17 12:30:05,870 [Worker-164] INFO  o.e.m.c.i.embedder.EclipseLogger - Copying 0 resource
2018-05-17 12:30:05,872 [Worker-164] INFO  o.e.m.c.i.embedder.EclipseLogger - Using 'UTF-8' encoding to copy filtered resources.
2018-05-17 12:30:05,872 [Worker-164] INFO  o.e.m.c.i.embedder.EclipseLogger - skip non existing resourceDirectory D:\Chiranjeevi\SampleProject\airfast-catalog-client\src\test\resources
2018-05-17 14:12:58,641 [Worker-190] INFO  o.e.m.c.i.l.LifecycleMappingFactory - Using org.eclipse.m2e.jdt.JarLifecycleMapping lifecycle mapping for MavenProject: io.airfast:airfast-config-server:0.0.1-SNAPSHOT @ D:\Chiranjeevi\SampleProject\airfast-config-server\pom.xml.
2018-05-17 14:12:59,485 [Worker-190] INFO  o.e.m.c.i.e.AbstractTransferListenerAdapter - Downloading https://repo.spring.io/snapshot/org/springframework/cloud/spring-cloud-config-server/2.0.0.BUILD-SNAPSHOT/maven-metadata.xml
2018-05-17 14:12:59,946 [Worker-190] INFO  o.e.m.c.i.e.AbstractTransferListenerAdapter - Downloaded https://repo.spring.io/snapshot/org/springframework/cloud/spring-cloud-config-server/2.0.0.BUILD-SNAPSHOT/maven-metadata.xml
2018-05-17 14:13:00,407 [Worker-190] INFO  o.e.m.c.i.e.AbstractTransferListenerAdapter - Downloading https://repo.spring.io/snapshot/org/springframework/cloud/spring-cloud-config-server/2.0.0.BUILD-SNAPSHOT/spring-cloud-config-server-2.0.0.BUILD-20180517.060410-2686.pom
2018-05-17 14:13:00,883 [Worker-190] INFO  o.e.m.c.i.e.AbstractTransferListenerAdapter - Downloaded https://repo.spring.io/snapshot/org/springframework/cloud/spring-cloud-config-server/2.0.0.BUILD-SNAPSHOT/spring-cloud-config-server-2.0.0.BUILD-20180517.060410-2686.pom
2018-05-17 14:13:01,325 [Worker-190] INFO  o.e.m.c.i.e.AbstractTransferListenerAdapter - Downloading https://repo.spring.io/snapshot/org/springframework/cloud/spring-cloud-config/2.0.0.BUILD-SNAPSHOT/maven-metadata.xml
2018-05-17 14:13:01,840 [Worker-190] INFO  o.e.m.c.i.e.AbstractTransferListenerAdapter - Downloaded https://repo.spring.io/snapshot/org/springframework/cloud/spring-cloud-config/2.0.0.BUILD-SNAPSHOT/maven-metadata.xml
2018-05-17 14:13:02,181 [Worker-190] INFO  o.e.m.c.i.e.AbstractTransferListenerAdapter - Downloading https://repo.spring.io/snapshot/org/springframework/cloud/spring-cloud-config/2.0.0.BUILD-SNAPSHOT/spring-cloud-config-2.0.0.BUILD-20180517.060110-2910.pom
2018-05-17 14:13:02,553 [Worker-190] INFO  o.e.m.c.i.e.AbstractTransferListenerAdapter - Downloaded https://repo.spring.io/snapshot/org/springframework/cloud/spring-cloud-config/2.0.0.BUILD-SNAPSHOT/spring-cloud-config-2.0.0.BUILD-20180517.060110-2910.pom
2018-05-17 14:13:03,448 [Worker-190] INFO  o.e.m.c.i.e.AbstractTransferListenerAdapter - Downloading https://repo.spring.io/snapshot/org/springframework/cloud/spring-cloud-config-client/2.0.0.BUILD-SNAPSHOT/maven-metadata.xml
2018-05-17 14:13:03,919 [Worker-190] INFO  o.e.m.c.i.e.AbstractTransferListenerAdapter - Downloaded https://repo.spring.io/snapshot/org/springframework/cloud/spring-cloud-config-client/2.0.0.BUILD-SNAPSHOT/maven-metadata.xml
2018-05-17 14:13:04,249 [Worker-190] INFO  o.e.m.c.i.e.AbstractTransferListenerAdapter - Downloading https://repo.spring.io/snapshot/org/springframework/cloud/spring-cloud-config-client/2.0.0.BUILD-SNAPSHOT/spring-cloud-config-client-2.0.0.BUILD-20180517.060124-2827.pom
2018-05-17 14:13:04,622 [Worker-190] INFO  o.e.m.c.i.e.AbstractTransferListenerAdapter - Downloaded https://repo.spring.io/snapshot/org/springframework/cloud/spring-cloud-config-client/2.0.0.BUILD-SNAPSHOT/spring-cloud-config-client-2.0.0.BUILD-20180517.060124-2827.pom
2018-05-17 14:13:09,533 [Worker-190] INFO  o.e.m.c.i.e.AbstractTransferListenerAdapter - Downloaded https://repo.spring.io/snapshot/org/eclipse/jgit/org.eclipse.jgit/4.11.0.201803080745-r/org.eclipse.jgit-4.11.0.201803080745-r.pom
2018-05-17 14:13:10,154 [Worker-190] INFO  o.e.m.c.i.e.AbstractTransferListenerAdapter - Downloaded https://repo.spring.io/milestone/org/eclipse/jgit/org.eclipse.jgit/4.11.0.201803080745-r/org.eclipse.jgit-4.11.0.201803080745-r.pom
2018-05-17 14:13:11,336 [Worker-190] INFO  o.e.m.c.i.e.AbstractTransferListenerAdapter - Downloading https://repo.maven.apache.org/maven2/org/eclipse/jgit/org.eclipse.jgit/4.11.0.201803080745-r/org.eclipse.jgit-4.11.0.201803080745-r.pom
2018-05-17 14:13:11,706 [Worker-190] INFO  o.e.m.c.i.e.AbstractTransferListenerAdapter - Downloaded https://repo.maven.apache.org/maven2/org/eclipse/jgit/org.eclipse.jgit/4.11.0.201803080745-r/org.eclipse.jgit-4.11.0.201803080745-r.pom
2018-05-17 14:13:12,380 [Worker-190] INFO  o.e.m.c.i.e.AbstractTransferListenerAdapter - Downloaded https://repo.spring.io/snapshot/org/eclipse/jgit/org.eclipse.jgit-parent/4.11.0.201803080745-r/org.eclipse.jgit-parent-4.11.0.201803080745-r.pom
2018-05-17 14:13:12,957 [Worker-190] INFO  o.e.m.c.i.e.AbstractTransferListenerAdapter - Downloaded https://repo.spring.io/milestone/org/eclipse/jgit/org.eclipse.jgit-parent/4.11.0.201803080745-r/org.eclipse.jgit-parent-4.11.0.201803080745-r.pom
2018-05-17 14:13:13,277 [Worker-190] INFO  o.e.m.c.i.e.AbstractTransferListenerAdapter - Downloading https://repo.maven.apache.org/maven2/org/eclipse/jgit/org.eclipse.jgit-parent/4.11.0.201803080745-r/org.eclipse.jgit-parent-4.11.0.201803080745-r.pom
2018-05-17 14:13:13,763 [Worker-190] INFO  o.e.m.c.i.e.AbstractTransferListenerAdapter - Downloaded https://repo.maven.apache.org/maven2/org/eclipse/jgit/org.eclipse.jgit-parent/4.11.0.201803080745-r/org.eclipse.jgit-parent-4.11.0.201803080745-r.pom
2018-05-17 14:13:14,264 [Worker-190] INFO  o.e.m.c.i.e.AbstractTransferListenerAdapter - Downloaded https://repo.spring.io/snapshot/com/jcraft/jsch/0.1.54/jsch-0.1.54.pom
2018-05-17 14:13:14,733 [Worker-190] INFO  o.e.m.c.i.e.AbstractTransferListenerAdapter - Downloaded https://repo.spring.io/milestone/com/jcraft/jsch/0.1.54/jsch-0.1.54.pom
2018-05-17 14:13:15,107 [Worker-190] INFO  o.e.m.c.i.e.AbstractTransferListenerAdapter - Downloading https://repo.maven.apache.org/maven2/com/jcraft/jsch/0.1.54/jsch-0.1.54.pom
2018-05-17 14:13:15,469 [Worker-190] INFO  o.e.m.c.i.e.AbstractTransferListenerAdapter - Downloaded https://repo.maven.apache.org/maven2/com/jcraft/jsch/0.1.54/jsch-0.1.54.pom
2018-05-17 14:13:15,966 [Worker-190] INFO  o.e.m.c.i.e.AbstractTransferListenerAdapter - Downloaded https://repo.spring.io/snapshot/org/sonatype/oss/oss-parent/6/oss-parent-6.pom
2018-05-17 14:13:16,409 [Worker-190] INFO  o.e.m.c.i.e.AbstractTransferListenerAdapter - Downloaded https://repo.spring.io/milestone/org/sonatype/oss/oss-parent/6/oss-parent-6.pom
2018-05-17 14:13:16,702 [Worker-190] INFO  o.e.m.c.i.e.AbstractTransferListenerAdapter - Downloading https://repo.maven.apache.org/maven2/org/sonatype/oss/oss-parent/6/oss-parent-6.pom
2018-05-17 14:13:16,949 [Worker-190] INFO  o.e.m.c.i.e.AbstractTransferListenerAdapter - Downloaded https://repo.maven.apache.org/maven2/org/sonatype/oss/oss-parent/6/oss-parent-6.pom
2018-05-17 14:13:17,407 [Worker-190] INFO  o.e.m.c.i.e.AbstractTransferListenerAdapter - Downloaded https://repo.spring.io/snapshot/com/jcraft/jzlib/1.1.1/jzlib-1.1.1.pom
2018-05-17 14:13:17,844 [Worker-190] INFO  o.e.m.c.i.e.AbstractTransferListenerAdapter - Downloaded https://repo.spring.io/milestone/com/jcraft/jzlib/1.1.1/jzlib-1.1.1.pom
2018-05-17 14:13:18,213 [Worker-190] INFO  o.e.m.c.i.e.AbstractTransferListenerAdapter - Downloading https://repo.maven.apache.org/maven2/com/jcraft/jzlib/1.1.1/jzlib-1.1.1.pom
2018-05-17 14:13:18,456 [Worker-190] INFO  o.e.m.c.i.e.AbstractTransferListenerAdapter - Downloaded https://repo.maven.apache.org/maven2/com/jcraft/jzlib/1.1.1/jzlib-1.1.1.pom
2018-05-17 14:13:18,900 [Worker-190] INFO  o.e.m.c.i.e.AbstractTransferListenerAdapter - Downloaded https://repo.spring.io/snapshot/com/googlecode/javaewah/JavaEWAH/1.1.6/JavaEWAH-1.1.6.pom
2018-05-17 14:13:19,380 [Worker-190] INFO  o.e.m.c.i.e.AbstractTransferListenerAdapter - Downloaded https://repo.spring.io/milestone/com/googlecode/javaewah/JavaEWAH/1.1.6/JavaEWAH-1.1.6.pom
2018-05-17 14:13:19,698 [Worker-190] INFO  o.e.m.c.i.e.AbstractTransferListenerAdapter - Downloading https://repo.maven.apache.org/maven2/com/googlecode/javaewah/JavaEWAH/1.1.6/JavaEWAH-1.1.6.pom
2018-05-17 14:13:20,104 [Worker-190] INFO  o.e.m.c.i.e.AbstractTransferListenerAdapter - Downloaded https://repo.maven.apache.org/maven2/com/googlecode/javaewah/JavaEWAH/1.1.6/JavaEWAH-1.1.6.pom
2018-05-17 14:13:20,598 [Worker-190] INFO  o.e.m.c.i.e.AbstractTransferListenerAdapter - Downloaded https://repo.spring.io/snapshot/org/sonatype/oss/oss-parent/5/oss-parent-5.pom
2018-05-17 14:13:21,151 [Worker-190] INFO  o.e.m.c.i.e.AbstractTransferListenerAdapter - Downloaded https://repo.spring.io/milestone/org/sonatype/oss/oss-parent/5/oss-parent-5.pom
2018-05-17 14:13:21,577 [Worker-190] INFO  o.e.m.c.i.e.AbstractTransferListenerAdapter - Downloading https://repo.maven.apache.org/maven2/org/sonatype/oss/oss-parent/5/oss-parent-5.pom
2018-05-17 14:13:21,953 [Worker-190] INFO  o.e.m.c.i.e.AbstractTransferListenerAdapter - Downloaded https://repo.maven.apache.org/maven2/org/sonatype/oss/oss-parent/5/oss-parent-5.pom
2018-05-17 14:13:31,873 [Worker-190] INFO  o.e.m.c.i.e.AbstractTransferListenerAdapter - Downloading https://repo.spring.io/snapshot/org/springframework/cloud/spring-cloud-config-server/2.0.0.BUILD-SNAPSHOT/spring-cloud-config-server-2.0.0.BUILD-20180517.060410-2686.jar
2018-05-17 14:13:32,655 [Worker-190] INFO  o.e.m.c.i.e.AbstractTransferListenerAdapter - Downloaded https://repo.spring.io/snapshot/org/springframework/cloud/spring-cloud-config-server/2.0.0.BUILD-SNAPSHOT/spring-cloud-config-server-2.0.0.BUILD-20180517.060410-2686.jar
2018-05-17 14:13:32,991 [Worker-190] INFO  o.e.m.c.i.e.AbstractTransferListenerAdapter - Downloading https://repo.spring.io/snapshot/org/springframework/cloud/spring-cloud-config-client/2.0.0.BUILD-SNAPSHOT/spring-cloud-config-client-2.0.0.BUILD-20180517.060124-2827.jar
2018-05-17 14:13:33,757 [Worker-190] INFO  o.e.m.c.i.e.AbstractTransferListenerAdapter - Downloaded https://repo.spring.io/snapshot/org/springframework/cloud/spring-cloud-config-client/2.0.0.BUILD-SNAPSHOT/spring-cloud-config-client-2.0.0.BUILD-20180517.060124-2827.jar
2018-05-17 14:13:34,091 [Worker-190] INFO  o.e.m.c.i.e.AbstractTransferListenerAdapter - Downloaded https://repo.spring.io/snapshot/org/eclipse/jgit/org.eclipse.jgit/4.11.0.201803080745-r/org.eclipse.jgit-4.11.0.201803080745-r.jar
2018-05-17 14:13:34,534 [Worker-190] INFO  o.e.m.c.i.e.AbstractTransferListenerAdapter - Downloaded https://repo.spring.io/snapshot/com/jcraft/jsch/0.1.54/jsch-0.1.54.jar
2018-05-17 14:13:34,941 [Worker-190] INFO  o.e.m.c.i.e.AbstractTransferListenerAdapter - Downloaded https://repo.spring.io/snapshot/com/jcraft/jzlib/1.1.1/jzlib-1.1.1.jar
2018-05-17 14:13:35,480 [Worker-190] INFO  o.e.m.c.i.e.AbstractTransferListenerAdapter - Downloaded https://repo.spring.io/snapshot/com/googlecode/javaewah/JavaEWAH/1.1.6/JavaEWAH-1.1.6.jar
2018-05-17 14:13:37,199 [Worker-190] INFO  o.e.m.c.i.e.AbstractTransferListenerAdapter - Downloaded https://repo.spring.io/milestone/org/eclipse/jgit/org.eclipse.jgit/4.11.0.201803080745-r/org.eclipse.jgit-4.11.0.201803080745-r.jar
2018-05-17 14:13:37,752 [Worker-190] INFO  o.e.m.c.i.e.AbstractTransferListenerAdapter - Downloaded https://repo.spring.io/milestone/com/jcraft/jsch/0.1.54/jsch-0.1.54.jar
2018-05-17 14:13:38,186 [Worker-190] INFO  o.e.m.c.i.e.AbstractTransferListenerAdapter - Downloaded https://repo.spring.io/milestone/com/jcraft/jzlib/1.1.1/jzlib-1.1.1.jar
2018-05-17 14:13:39,032 [Worker-190] INFO  o.e.m.c.i.e.AbstractTransferListenerAdapter - Downloaded https://repo.spring.io/milestone/com/googlecode/javaewah/JavaEWAH/1.1.6/JavaEWAH-1.1.6.jar
2018-05-17 14:13:39,436 [Worker-190] INFO  o.e.m.c.i.e.AbstractTransferListenerAdapter - Downloading https://repo.maven.apache.org/maven2/org/eclipse/jgit/org.eclipse.jgit/4.11.0.201803080745-r/org.eclipse.jgit-4.11.0.201803080745-r.jar
2018-05-17 14:13:41,483 [Worker-190] INFO  o.e.m.c.i.e.AbstractTransferListenerAdapter - Downloaded https://repo.maven.apache.org/maven2/org/eclipse/jgit/org.eclipse.jgit/4.11.0.201803080745-r/org.eclipse.jgit-4.11.0.201803080745-r.jar
2018-05-17 14:13:41,818 [Worker-190] INFO  o.e.m.c.i.e.AbstractTransferListenerAdapter - Downloading https://repo.maven.apache.org/maven2/com/jcraft/jsch/0.1.54/jsch-0.1.54.jar
2018-05-17 14:13:42,283 [Worker-190] INFO  o.e.m.c.i.e.AbstractTransferListenerAdapter - Downloaded https://repo.maven.apache.org/maven2/com/jcraft/jsch/0.1.54/jsch-0.1.54.jar
2018-05-17 14:13:42,624 [Worker-190] INFO  o.e.m.c.i.e.AbstractTransferListenerAdapter - Downloading https://repo.maven.apache.org/maven2/com/jcraft/jzlib/1.1.1/jzlib-1.1.1.jar
2018-05-17 14:13:42,967 [Worker-190] INFO  o.e.m.c.i.e.AbstractTransferListenerAdapter - Downloaded https://repo.maven.apache.org/maven2/com/jcraft/jzlib/1.1.1/jzlib-1.1.1.jar
2018-05-17 14:13:43,300 [Worker-190] INFO  o.e.m.c.i.e.AbstractTransferListenerAdapter - Downloading https://repo.maven.apache.org/maven2/com/googlecode/javaewah/JavaEWAH/1.1.6/JavaEWAH-1.1.6.jar
2018-05-17 14:13:43,646 [Worker-190] INFO  o.e.m.c.i.e.AbstractTransferListenerAdapter - Downloaded https://repo.maven.apache.org/maven2/com/googlecode/javaewah/JavaEWAH/1.1.6/JavaEWAH-1.1.6.jar
2018-05-17 14:13:46,394 [Worker-190] INFO  o.e.m.j.i.AbstractJavaProjectConfigurator - Adding source folder /airfast-config-server/src/main/java
2018-05-17 14:13:46,394 [Worker-190] INFO  o.e.m.j.i.AbstractJavaProjectConfigurator - Adding resource folder /airfast-config-server/src/main/resources
2018-05-17 14:13:46,416 [Worker-190] INFO  o.e.m.j.i.AbstractJavaProjectConfigurator - Adding resource folder /airfast-config-server/src/main/resources
2018-05-17 14:13:46,441 [Worker-190] INFO  o.e.m.j.i.AbstractJavaProjectConfigurator - Adding source folder /airfast-config-server/src/test/java
2018-05-17 14:13:46,903 [Worker-190] INFO  o.e.m.c.i.p.ProjectConfigurationManager - Imported and configured 1 project(s) in 55 sec
2018-05-17 14:13:50,669 [Worker-194] INFO  o.e.m.c.i.embedder.EclipseLogger - Using 'UTF-8' encoding to copy filtered resources.
2018-05-17 14:13:50,670 [Worker-194] INFO  o.e.m.c.i.embedder.EclipseLogger - Copying 1 resource
2018-05-17 14:13:50,732 [Worker-194] INFO  o.e.m.c.i.embedder.EclipseLogger - Copying 0 resource
2018-05-17 14:13:50,735 [Worker-194] INFO  o.e.m.c.i.embedder.EclipseLogger - Using 'UTF-8' encoding to copy filtered resources.
2018-05-17 14:13:50,735 [Worker-194] INFO  o.e.m.c.i.embedder.EclipseLogger - skip non existing resourceDirectory D:\Chiranjeevi\SampleProject\airfast-config-server\src\test\resources
2018-05-17 14:13:52,522 [Worker-192] INFO  o.e.m.c.i.embedder.EclipseLogger - Using 'UTF-8' encoding to copy filtered resources.
2018-05-17 14:13:52,522 [Worker-192] INFO  o.e.m.c.i.embedder.EclipseLogger - Copying 0 resource
2018-05-17 14:13:52,522 [Worker-192] INFO  o.e.m.c.i.embedder.EclipseLogger - Copying 0 resource
2018-05-17 14:13:52,524 [Worker-192] INFO  o.e.m.c.i.embedder.EclipseLogger - Using 'UTF-8' encoding to copy filtered resources.
2018-05-17 14:13:52,524 [Worker-192] INFO  o.e.m.c.i.embedder.EclipseLogger - skip non existing resourceDirectory D:\Chiranjeevi\SampleProject\airfast-config-server\src\test\resources
2018-05-17 14:14:40,520 [Worker-191] INFO  o.e.m.c.i.embedder.EclipseLogger - Using 'UTF-8' encoding to copy filtered resources.
2018-05-17 14:14:40,521 [Worker-191] INFO  o.e.m.c.i.embedder.EclipseLogger - Copying 1 resource
2018-05-17 14:14:40,523 [Worker-191] INFO  o.e.m.c.i.embedder.EclipseLogger - Copying 0 resource
2018-05-17 14:14:40,526 [Worker-191] INFO  o.e.m.c.i.embedder.EclipseLogger - Using 'UTF-8' encoding to copy filtered resources.
2018-05-17 14:14:40,526 [Worker-191] INFO  o.e.m.c.i.embedder.EclipseLogger - skip non existing resourceDirectory D:\Chiranjeevi\SampleProject\airfast-config-server\src\test\resources
2018-05-17 14:15:56,124 [Worker-192] INFO  o.e.m.c.i.embedder.EclipseLogger - Using 'UTF-8' encoding to copy filtered resources.
2018-05-17 14:15:56,124 [Worker-192] INFO  o.e.m.c.i.embedder.EclipseLogger - Copying 1 resource
2018-05-17 14:15:56,126 [Worker-192] INFO  o.e.m.c.i.embedder.EclipseLogger - Copying 0 resource
2018-05-17 14:15:56,128 [Worker-192] INFO  o.e.m.c.i.embedder.EclipseLogger - Using 'UTF-8' encoding to copy filtered resources.
2018-05-17 14:15:56,128 [Worker-192] INFO  o.e.m.c.i.embedder.EclipseLogger - skip non existing resourceDirectory D:\Chiranjeevi\SampleProject\airfast-config-server\src\test\resources
